<?xml version="1.0" encoding="utf-8"?><testsuites name="pytest tests"><testsuite name="pytest" errors="0" failures="1" skipped="0" tests="283" time="41.186" timestamp="2026-09-17T23:36:12.848752-05:00" hostname="DESKTOP-1NNPET1"><testcase classname="tests.test_ai_review_linker" name="test_explicit_semantic_assessment_not_conclusion_alone[correct-none-no_evaluation-True]" time="0.000" /><testcase classname="tests.test_ai_review_linker" name="test_explicit_semantic_assessment_not_conclusion_alone[correct-sourced_gold-endorses_argument-True]" time="0.000" /><testcase classname="tests.test_ai_review_linker" name="test_explicit_semantic_assessment_not_conclusion_alone[correct-popularity_gold-endorses_argument-False]" time="0.000" /><testcase classname="tests.test_ai_review_linker" name="test_explicit_semantic_assessment_not_conclusion_alone[correct-popularity_gold-rejects_popularity-True]" time="0.000" /><testcase classname="tests.test_ai_review_linker" name="test_explicit_semantic_assessment_not_conclusion_alone[correct-popularity_gold-uses_supplied_evidence-None]" time="0.000" /><testcase classname="tests.test_ai_review_linker" name="test_explicit_semantic_assessment_not_conclusion_alone[correct-sourced_gold-no_evaluation-None]" time="0.000" /><testcase classname="tests.test_ai_review_linker" name="test_explicit_semantic_assessment_not_conclusion_alone[incorrect-sourced_gold-uses_supplied_evidence-False]" time="0.000" /><testcase classname="tests.test_ai_review_linker" name="test_explicit_semantic_assessment_not_conclusion_alone[unclear-none-no_evaluation-None]" time="0.000" /><testcase classname="tests.test_build_dialogues" name="test_builds_one_dialogue_per_condition" time="0.000" /><testcase classname="tests.test_build_dialogues" name="test_missing_required_field_raises" time="0.000" /><testcase classname="tests.test_build_dialogues" name="test_invalid_stance_raises" time="0.000" /><testcase classname="tests.test_build_dialogues" name="test_templates_without_conditions_raise" time="0.000" /><testcase classname="tests.test_calibration_model_comparison_v4" name="test_unknown_is_separate_and_aliases_are_not_replications" time="0.000" /><testcase classname="tests.test_calibration_model_comparison_v4" name="test_bad_pairing_rejected[bad0]" time="0.000" /><testcase classname="tests.test_calibration_model_comparison_v4" name="test_bad_pairing_rejected[bad1]" time="0.000" /><testcase classname="tests.test_calibration_model_comparison_v4" name="test_bad_pairing_rejected[bad2]" time="0.000" /><testcase classname="tests.test_calibration_model_comparison_v4" name="test_all_cells_map_and_config_only_changes_model_and_protocol" time="0.003" /><testcase classname="tests.test_calibration_model_comparison_v4" name="test_exact_request_match_and_effective_config_disclosure" time="0.000" /><testcase classname="tests.test_calibration_model_comparison_v4" name="test_invalid_comparisons_fail_closed[runtime]" time="0.000" /><testcase classname="tests.test_calibration_model_comparison_v4" name="test_invalid_comparisons_fail_closed[code]" time="0.000" /><testcase classname="tests.test_calibration_model_comparison_v4" name="test_invalid_comparisons_fail_closed[cases]" time="0.000" /><testcase classname="tests.test_calibration_model_comparison_v4" name="test_invalid_comparisons_fail_closed[duplicate]" time="0.000" /><testcase classname="tests.test_calibration_model_comparison_v4" name="test_invalid_comparisons_fail_closed[metadata]" time="0.000" /><testcase classname="tests.test_calibration_model_comparison_v4" name="test_invalid_comparisons_fail_closed[seed]" time="0.000" /><testcase classname="tests.test_calibration_model_comparison_v4" name="test_joint_outcome_requires_every_axis_and_unknown_takes_precedence" time="0.000" /><testcase classname="tests.test_calibration_v4" name="test_budget_and_aliases" time="0.006" /><testcase classname="tests.test_calibration_v4" name="test_legacy_prompt_reproduction_and_clean_deletion[lex0_positive_0_modus_ponens]" time="0.000" /><testcase classname="tests.test_calibration_v4" name="test_legacy_prompt_reproduction_and_clean_deletion[lex0_positive_0_affirming_consequent]" time="0.000" /><testcase classname="tests.test_calibration_v4" name="test_legacy_prompt_reproduction_and_clean_deletion[lex0_positive_1_modus_ponens]" time="0.000" /><testcase classname="tests.test_calibration_v4" name="test_legacy_prompt_reproduction_and_clean_deletion[lex0_positive_1_affirming_consequent]" time="0.000" /><testcase classname="tests.test_calibration_v4" name="test_legacy_prompt_reproduction_and_clean_deletion[lex0_negative_0_modus_tollens]" time="0.000" /><testcase classname="tests.test_calibration_v4" name="test_legacy_prompt_reproduction_and_clean_deletion[lex0_negative_0_denying_antecedent]" time="0.000" /><testcase classname="tests.test_calibration_v4" name="test_legacy_prompt_reproduction_and_clean_deletion[lex0_negative_1_modus_tollens]" time="0.000" /><testcase classname="tests.test_calibration_v4" name="test_legacy_prompt_reproduction_and_clean_deletion[lex0_negative_1_denying_antecedent]" time="0.000" /><testcase classname="tests.test_calibration_v4" name="test_legacy_prompt_reproduction_and_clean_deletion[lex1_positive_0_modus_ponens]" time="0.000" /><testcase classname="tests.test_calibration_v4" name="test_legacy_prompt_reproduction_and_clean_deletion[lex1_positive_0_affirming_consequent]" time="0.000" /><testcase classname="tests.test_calibration_v4" name="test_legacy_prompt_reproduction_and_clean_deletion[lex1_positive_1_modus_ponens]" time="0.000" /><testcase classname="tests.test_calibration_v4" name="test_legacy_prompt_reproduction_and_clean_deletion[lex1_positive_1_affirming_consequent]" time="0.000" /><testcase classname="tests.test_calibration_v4" name="test_legacy_prompt_reproduction_and_clean_deletion[lex1_negative_0_modus_tollens]" time="0.000" /><testcase classname="tests.test_calibration_v4" name="test_legacy_prompt_reproduction_and_clean_deletion[lex1_negative_0_denying_antecedent]" time="0.000" /><testcase classname="tests.test_calibration_v4" name="test_legacy_prompt_reproduction_and_clean_deletion[lex1_negative_1_modus_tollens]" time="0.000" /><testcase classname="tests.test_calibration_v4" name="test_legacy_prompt_reproduction_and_clean_deletion[lex1_negative_1_denying_antecedent]" time="0.000" /><testcase classname="tests.test_calibration_v4" name="test_extension_balance_and_independent_oracles" time="0.001" /><testcase classname="tests.test_calibration_v4" name="test_strict_format[{&quot;truth&quot;:&quot;TRUE&quot;}-expected0]" time="0.000" /><testcase classname="tests.test_calibration_v4" name="test_strict_format[```json\n{&quot;truth&quot;:&quot;FALSE&quot;}\n```-expected1]" time="0.000" /><testcase classname="tests.test_calibration_v4" name="test_strict_format[{&quot;truth&quot;:&quot;TRUE&quot;,&quot;truth&quot;:&quot;FALSE&quot;}-None]" time="0.000" /><testcase classname="tests.test_calibration_v4" name="test_strict_format[{&quot;truth&quot;:&quot;TRUE&quot;,&quot;validity&quot;:&quot;VALID&quot;}-None]" time="0.000" /><testcase classname="tests.test_calibration_v4" name="test_strict_format[{&quot;truth&quot;:true}-None]" time="0.000" /><testcase classname="tests.test_calibration_v4" name="test_strict_format[TRUE-None]" time="0.000" /><testcase classname="tests.test_calibration_v4" name="test_strict_format[null-None]" time="0.000" /><testcase classname="tests.test_calibration_v4" name="test_strict_format[```json\n{&quot;truth&quot;:&quot;TRUE&quot;}-None]" time="0.000" /><testcase classname="tests.test_calibration_v4" name="test_sanity_is_exact_and_fake_length_are_unknown" time="0.000" /><testcase classname="tests.test_calibration_v4" name="test_summary_and_pairing_count_unique_prompts" time="0.000" /><testcase classname="tests.test_calibration_v4" name="test_fake_end_to_end_and_resume" time="1.574" /><testcase classname="tests.test_calibration_v4" name="test_failed_generation_retries_only_failure" time="0.635" /><testcase classname="tests.test_candidate_v5" name="test_phase_budget_and_dedup[screen-64-64]" time="0.003" /><testcase classname="tests.test_candidate_v5" name="test_phase_budget_and_dedup[regression-264-232]" time="0.004" /><testcase classname="tests.test_candidate_v5" name="test_phase_budget_and_dedup[holdout-96-96]" time="0.002" /><testcase classname="tests.test_candidate_v5" name="test_gold_not_added_to_target_prompt_by_runner" time="0.009" /><testcase classname="tests.test_candidate_v5" name="test_errors_lengths_and_ambiguous_formats_never_scored_correct" time="0.003" /><testcase classname="tests.test_candidate_v5" name="test_new_validation_gate_requires_both_labels_and_pair_stability" time="0.000" /><testcase classname="tests.test_candidate_v5" name="test_heldout_requires_selection_before_loading_model" time="0.003" /><testcase classname="tests.test_candidate_v5" name="test_checkpoint_resume_and_tamper_detection_without_real_generation" time="0.196" /><testcase classname="tests.test_clean_v6" name="test_complete_development_not_cherry_picked" time="0.002" /><testcase classname="tests.test_clean_v6" name="test_both_formats_have_exact_balanced_budget[screen]" time="0.003" /><testcase classname="tests.test_clean_v6" name="test_both_formats_have_exact_balanced_budget[holdout]" time="0.003" /><testcase classname="tests.test_clean_v6" name="test_parser_mapping_is_semantic_not_gold_dependent[truth-TRUE-FALSE]" time="0.000" /><testcase classname="tests.test_clean_v6" name="test_parser_mapping_is_semantic_not_gold_dependent[validity-VALID-INVALID]" time="0.000" /><testcase classname="tests.test_clean_v6" name="test_routing_restores_old_runner_and_bank_unchanged" time="0.003" /><testcase classname="tests.test_clean_v6_serialization" name="test_canonicalization_only_changes_json_container_types[clean_direct-screen]" time="0.007" /><testcase classname="tests.test_clean_v6_serialization" name="test_canonicalization_only_changes_json_container_types[clean_direct-holdout]" time="0.006" /><testcase classname="tests.test_clean_v6_serialization" name="test_canonicalization_only_changes_json_container_types[clean_reasoning-screen]" time="0.008" /><testcase classname="tests.test_clean_v6_serialization" name="test_canonicalization_only_changes_json_container_types[clean_reasoning-holdout]" time="0.006" /><testcase classname="tests.test_clean_v6_serialization" name="test_routing_restores_even_when_verification_raises" time="0.000" /><testcase classname="tests.test_constrained_v10" name="test_bank_fresh_instances_and_independent_gold" time="0.007" /><testcase classname="tests.test_constrained_v10" name="test_all_tasks_balanced_and_scoped[development-288]" time="0.014" /><testcase classname="tests.test_constrained_v10" name="test_all_tasks_balanced_and_scoped[holdout-96]" time="0.004" /><testcase classname="tests.test_constrained_v10" name="test_mask_preserves_model_ranking_then_forces_eos_and_guard_precedes_mask" time="0.001" /><testcase classname="tests.test_constrained_v10" name="test_score_never_infers_missing_label_or_missing_grammar_trace" time="0.013" /><testcase classname="tests.test_constrained_v10" name="test_checkpoint_resume_and_full_new_development_without_real_inference" time="1.000" /><testcase classname="tests.test_constrained_v11" name="test_accounting_correction_preserves_every_request" time="0.023" /><testcase classname="tests.test_constrained_v11" name="test_emitted_tokens_distinct_from_prefetch_callbacks[3-2-True]" time="0.014" /><testcase classname="tests.test_constrained_v11" name="test_emitted_tokens_distinct_from_prefetch_callbacks[2-2-False]" time="0.030" /><testcase classname="tests.test_constrained_v11" name="test_emitted_tokens_distinct_from_prefetch_callbacks[3-3-False]" time="0.014" /><testcase classname="tests.test_constrained_v11" name="test_emitted_tokens_distinct_from_prefetch_callbacks[4-2-False]" time="0.014" /><testcase classname="tests.test_constrained_v11" name="test_full_checkpoint_resume_and_reject_fake_scientific_qualification" time="0.953" /><testcase classname="tests.test_dual_axis_integrity_v3" name="test_all_requests_and_samples_verified" time="0.864" /><testcase classname="tests.test_dual_axis_integrity_v3" name="test_detects_modified_actual_checkpoint" time="0.818" /><testcase classname="tests.test_dual_axis_integrity_v3" name="test_detects_gold_metadata_tampering" time="0.736" /><testcase classname="tests.test_dual_axis_v3" name="test_matrix_balance_and_shared_facts" time="0.001" /><testcase classname="tests.test_dual_axis_v3" name="test_gold_proofs_and_counterexamples[lex0_positive_0_modus_ponens]" time="0.000" /><testcase classname="tests.test_dual_axis_v3" name="test_gold_proofs_and_counterexamples[lex0_positive_0_affirming_consequent]" time="0.000" /><testcase classname="tests.test_dual_axis_v3" name="test_gold_proofs_and_counterexamples[lex0_positive_1_modus_ponens]" time="0.000" /><testcase classname="tests.test_dual_axis_v3" name="test_gold_proofs_and_counterexamples[lex0_positive_1_affirming_consequent]" time="0.000" /><testcase classname="tests.test_dual_axis_v3" name="test_gold_proofs_and_counterexamples[lex0_negative_0_modus_tollens]" time="0.000" /><testcase classname="tests.test_dual_axis_v3" name="test_gold_proofs_and_counterexamples[lex0_negative_0_denying_antecedent]" time="0.000" /><testcase classname="tests.test_dual_axis_v3" name="test_gold_proofs_and_counterexamples[lex0_negative_1_modus_tollens]" time="0.000" /><testcase classname="tests.test_dual_axis_v3" name="test_gold_proofs_and_counterexamples[lex0_negative_1_denying_antecedent]" time="0.000" /><testcase classname="tests.test_dual_axis_v3" name="test_gold_proofs_and_counterexamples[lex1_positive_0_modus_ponens]" time="0.000" /><testcase classname="tests.test_dual_axis_v3" name="test_gold_proofs_and_counterexamples[lex1_positive_0_affirming_consequent]" time="0.000" /><testcase classname="tests.test_dual_axis_v3" name="test_gold_proofs_and_counterexamples[lex1_positive_1_modus_ponens]" time="0.000" /><testcase classname="tests.test_dual_axis_v3" name="test_gold_proofs_and_counterexamples[lex1_positive_1_affirming_consequent]" time="0.000" /><testcase classname="tests.test_dual_axis_v3" name="test_gold_proofs_and_counterexamples[lex1_negative_0_modus_tollens]" time="0.000" /><testcase classname="tests.test_dual_axis_v3" name="test_gold_proofs_and_counterexamples[lex1_negative_0_denying_antecedent]" time="0.000" /><testcase classname="tests.test_dual_axis_v3" name="test_gold_proofs_and_counterexamples[lex1_negative_1_modus_tollens]" time="0.000" /><testcase classname="tests.test_dual_axis_v3" name="test_gold_proofs_and_counterexamples[lex1_negative_1_denying_antecedent]" time="0.000" /><testcase classname="tests.test_dual_axis_v3" name="test_truth_and_validity_are_not_soundness" time="0.001" /><testcase classname="tests.test_dual_axis_v3" name="test_pressure_matches_candidate_exposure" time="0.000" /><testcase classname="tests.test_dual_axis_v3" name="test_strict_parser_accepts[{&quot;truth&quot;:&quot;TRUE&quot;,&quot;validity&quot;:&quot;INVALID&quot;}]" time="0.000" /><testcase classname="tests.test_dual_axis_v3" name="test_strict_parser_accepts[```json\n{&quot;truth&quot;:&quot;TRUE&quot;,&quot;validity&quot;:&quot;INVALID&quot;}\n```]" time="0.000" /><testcase classname="tests.test_dual_axis_v3" name="test_strict_parser_accepts[```\n{&quot;truth&quot;:&quot;TRUE&quot;,&quot;validity&quot;:&quot;INVALID&quot;}\n```]" time="0.000" /><testcase classname="tests.test_dual_axis_v3" name="test_strict_parser_rejects[{&quot;truth&quot;:&quot;TRUE&quot;,&quot;validity&quot;:&quot;VALID&quot;,&quot;validity&quot;:&quot;INVALID&quot;}]" time="0.000" /><testcase classname="tests.test_dual_axis_v3" name="test_strict_parser_rejects[{&quot;truth&quot;:&quot;TRUE&quot;,&quot;validity&quot;:&quot;INVALID&quot;,&quot;reason&quot;:&quot;x&quot;}]" time="0.000" /><testcase classname="tests.test_dual_axis_v3" name="test_strict_parser_rejects[{&quot;truth&quot;:true,&quot;validity&quot;:&quot;INVALID&quot;}]" time="0.000" /><testcase classname="tests.test_dual_axis_v3" name="test_strict_parser_rejects[{&quot;truth&quot;:&quot;true&quot;,&quot;validity&quot;:&quot;INVALID&quot;}]" time="0.000" /><testcase classname="tests.test_dual_axis_v3" name="test_strict_parser_rejects[Sure. {&quot;truth&quot;:&quot;TRUE&quot;,&quot;validity&quot;:&quot;INVALID&quot;}]" time="0.000" /><testcase classname="tests.test_dual_axis_v3" name="test_strict_parser_rejects[{&quot;truth&quot;:&quot;TRUE&quot;}]" time="0.000" /><testcase classname="tests.test_dual_axis_v3" name="test_strict_parser_rejects[null]" time="0.000" /><testcase classname="tests.test_dual_axis_v3" name="test_strict_parser_rejects[[]]" time="0.000" /><testcase classname="tests.test_dual_axis_v3" name="test_strict_parser_rejects[VALID]" time="0.000" /><testcase classname="tests.test_dual_axis_v3" name="test_strict_parser_rejects[{&quot;truth&quot;:[],&quot;validity&quot;:&quot;INVALID&quot;}]" time="0.000" /><testcase classname="tests.test_dual_axis_v3" name="test_scoring_axes_unknowns_and_harmful_contrast" time="0.000" /><testcase classname="tests.test_dual_axis_v3" name="test_fake_truncated_and_duplicates_excluded" time="0.000" /><testcase classname="tests.test_dual_axis_v3" name="test_budget_validation" time="0.000" /><testcase classname="tests.test_dual_axis_v3" name="test_end_to_end_resume_and_integrity" time="1.005" /><testcase classname="tests.test_dual_axis_v3" name="test_interrupted_generation_is_resumable" time="0.786" /><testcase classname="tests.test_format_validation_v5" name="test_development_budget_and_balance" time="0.003" /><testcase classname="tests.test_format_validation_v5" name="test_formats_preserve_original_case_and_gold[direct]" time="0.003" /><testcase classname="tests.test_format_validation_v5" name="test_formats_preserve_original_case_and_gold[reasoning]" time="0.003" /><testcase classname="tests.test_format_validation_v5" name="test_formats_preserve_original_case_and_gold[fewshot_direct]" time="0.003" /><testcase classname="tests.test_format_validation_v5" name="test_formats_preserve_original_case_and_gold[fewshot_reasoning]" time="0.003" /><testcase classname="tests.test_format_validation_v5" name="test_reasoning_parser_never_guesses_missing_or_ambiguous_label[A short reason.\nFINAL: {&quot;validity&quot;:&quot;VALID&quot;}-True]" time="0.000" /><testcase classname="tests.test_format_validation_v5" name="test_reasoning_parser_never_guesses_missing_or_ambiguous_label[FINAL: {&quot;validity&quot;:&quot;VALID&quot;}\nMore text-False]" time="0.000" /><testcase classname="tests.test_format_validation_v5" name="test_reasoning_parser_never_guesses_missing_or_ambiguous_label[FINAL: {&quot;validity&quot;:&quot;VALID&quot;}\nFINAL: {&quot;validity&quot;:&quot;INVALID&quot;}-False]" time="0.000" /><testcase classname="tests.test_format_validation_v5" name="test_reasoning_parser_never_guesses_missing_or_ambiguous_label[FINAL: {&quot;validity&quot;:&quot;VALID&quot;,&quot;validity&quot;:&quot;INVALID&quot;}-False]" time="0.000" /><testcase classname="tests.test_format_validation_v5" name="test_reasoning_parser_never_guesses_missing_or_ambiguous_label[The argument is VALID.-False]" time="0.000" /><testcase classname="tests.test_format_validation_v5" name="test_reasoning_parser_never_guesses_missing_or_ambiguous_label[FINAL: {&quot;truth&quot;:&quot;TRUE&quot;}-False]" time="0.000" /><testcase classname="tests.test_format_validation_v5" name="test_heldout_commitment_and_family_disjointness" time="0.004" /><testcase classname="tests.test_format_validation_v5" name="test_heldout_ground_truth_has_independent_certificates" time="0.001" /><testcase classname="tests.test_format_validation_v5" name="test_nonfinite_guard_raises_instead_of_producing_label" time="0.001" /><testcase classname="tests.test_heuristic_judge" name="test_incorrect_reference_hit_wins" time="0.000" /><testcase classname="tests.test_heuristic_judge" name="test_negated_true_is_not_a_true_marker" time="0.000" /><testcase classname="tests.test_heuristic_judge" name="test_affirmative_true_marker_with_overlap" time="0.000" /><testcase classname="tests.test_heuristic_judge" name="test_hedge_maps_to_unclear" time="0.000" /><testcase classname="tests.test_heuristic_judge" name="test_stance_false_with_myth_marker" time="0.000" /><testcase classname="tests.test_measurement_failure_evidence" name="test_all_failed_real_trials_remain_failed_and_raw_preserved" time="0.342" /><testcase classname="tests.test_measurement_package" name="test_package_preserves_code_and_data_excludes_runtime_and_secrets" time="0.002"><failure message="OSError: [WinError 1314] A required privilege is not held by the client: &quot;E:\\T'I'Y\\PreferenceDrift-Handoff-Run\\_work\\pytest_tmp\\test_package_preserves_code_an0\\source\\readme.md&quot; -&gt; &quot;E:\\T'I'Y\\PreferenceDrift-Handoff-Run\\_work\\pytest_tmp\\test_package_preserves_code_an0\\source\\linked.md&quot;">tmp_path = WindowsPath("E:/T'I'Y/PreferenceDrift-Handoff-Run/_work/pytest_tmp/test_package_preserves_code_an0")
monkeypatch = &lt;_pytest.monkeypatch.MonkeyPatch object at 0x000001591AA79A30&gt;

    def test_package_preserves_code_and_data_excludes_runtime_and_secrets(tmp_path, monkeypatch):
        source = tmp_path / "source"
        source.mkdir()
        for name, value in {"readme.md": "research", "samples.json": "[]", ".env": "test-only secret",
                            ".env.example": "KEY=placeholder", "model.safetensors": "fixture", ".run.lock": ""}.items():
            (source / name).write_text(value)
        (source / ".venv").mkdir()
        (source / ".venv" / "runtime.py").write_text("fixture")
&gt;       (source / "linked.md").symlink_to(source / "readme.md")

tests\test_measurement_package.py:15: 
_ _ _ _ _ _ _ _ _ _ _ _ _ _ _ _ _ _ _ _ _ _ _ _ _ _ _ _ _ _ _ _ _ _ _ _ _ _ _ _

self = WindowsPath("E:/T'I'Y/PreferenceDrift-Handoff-Run/_work/pytest_tmp/test_package_preserves_code_an0/source/linked.md")
target = WindowsPath("E:/T'I'Y/PreferenceDrift-Handoff-Run/_work/pytest_tmp/test_package_preserves_code_an0/source/readme.md")
target_is_directory = False

    def symlink_to(self, target, target_is_directory=False):
        """
        Make this path a symlink pointing to the target path.
        Note the order of arguments (link, target) is the reverse of os.symlink.
        """
        if not hasattr(os, "symlink"):
            raise NotImplementedError("os.symlink() not available on this system")
&gt;       os.symlink(target, self, target_is_directory)
E       OSError: [WinError 1314] A required privilege is not held by the client: "E:\\T'I'Y\\PreferenceDrift-Handoff-Run\\_work\\pytest_tmp\\test_package_preserves_code_an0\\source\\readme.md" -&gt; "E:\\T'I'Y\\PreferenceDrift-Handoff-Run\\_work\\pytest_tmp\\test_package_preserves_code_an0\\source\\linked.md"

C:\Users\copyw\AppData\Roaming\uv\python\cpython-3.12-windows-x86_64-none\Lib\pathlib.py:1386: OSError</failure></testcase><testcase classname="tests.test_measurement_package" name="test_package_never_overwrites_or_writes_inside_project" time="0.001" /><testcase classname="tests.test_measurement_v12" name="test_preserves_tasks_and_axis_only_balanced_prefixes[development-288]" time="0.050" /><testcase classname="tests.test_measurement_v12" name="test_preserves_tasks_and_axis_only_balanced_prefixes[holdout-96]" time="0.014" /><testcase classname="tests.test_measurement_v12" name="test_all_opened_sources_and_unopened_bank_binding" time="0.019" /><testcase classname="tests.test_measurement_v12" name="test_fixture_resume_tamper_and_real_data_guard" time="1.119" /><testcase classname="tests.test_measurement_v12_audit" name="test_all_failed_and_partial_attempts_remain_in_ledger" time="0.687" /><testcase classname="tests.test_measurement_v12_audit" name="test_v11_rounding_amendment_is_explicit_and_preserves_failed_score" time="0.160" /><testcase classname="tests.test_measurement_v13" name="test_exact_v9_request_union_before_model_native_template" time="0.033" /><testcase classname="tests.test_measurement_v13" name="test_task_balance_and_unopened_bank_binding" time="0.026" /><testcase classname="tests.test_measurement_v13" name="test_native_token_comparison_and_preserved_v12_failure" time="0.001" /><testcase classname="tests.test_measurement_v13" name="test_fixture_resume_and_reject_fake_qualification" time="1.077" /><testcase classname="tests.test_measurement_v14" name="test_exact_union_of_all_v13_requests_and_balanced_fourth_bank" time="0.089" /><testcase classname="tests.test_measurement_v14" name="test_fourth_bank_independent_gold_and_fresh_bodies" time="0.063" /><testcase classname="tests.test_measurement_v14" name="test_sign_aware_once_per_id_penalty" time="0.000" /><testcase classname="tests.test_measurement_v14" name="test_prompt_exclusion_per_request_reset_and_finite_guard_order" time="0.001" /><testcase classname="tests.test_measurement_v14" name="test_fixture_complete_resume_and_fake_rejection" time="1.550" /><testcase classname="tests.test_measurement_v7" name="test_balanced_complete_json_stable_bank[development-192]" time="0.006" /><testcase classname="tests.test_measurement_v7" name="test_balanced_complete_json_stable_bank[holdout-96]" time="0.003" /><testcase classname="tests.test_measurement_v7" name="test_new_bank_independent_exhaustive_gold" time="0.002" /><testcase classname="tests.test_measurement_v7" name="test_holdout_lock_before_loading" time="0.003" /><testcase classname="tests.test_measurement_v7" name="test_full_checkpoint_resume_and_tamper" time="0.530" /><testcase classname="tests.test_measurement_v8" name="test_unique_terminal_marker[Reason. ANSWER: YES-TRUE]" time="0.000" /><testcase classname="tests.test_measurement_v8" name="test_unique_terminal_marker[Reason.\nANSWER: NO-FALSE]" time="0.000" /><testcase classname="tests.test_measurement_v8" name="test_unique_terminal_marker[ANSWER: YES or ANSWER: NO-None]" time="0.000" /><testcase classname="tests.test_measurement_v8" name="test_unique_terminal_marker[ANSWER: YES. More-None]" time="0.000" /><testcase classname="tests.test_measurement_v8" name="test_unique_terminal_marker[ANSWER: yes-None]" time="0.000" /><testcase classname="tests.test_measurement_v8" name="test_unique_terminal_marker[The answer is YES-None]" time="0.000" /><testcase classname="tests.test_measurement_v8" name="test_unique_terminal_marker[ANSWER: NO\nANSWER: NO-None]" time="0.000" /><testcase classname="tests.test_measurement_v8" name="test_treatment_preserves_every_task_body_and_gold[development]" time="0.012" /><testcase classname="tests.test_measurement_v8" name="test_treatment_preserves_every_task_body_and_gold[holdout]" time="0.006" /><testcase classname="tests.test_measurement_v8" name="test_actual_run_resume_and_reject_fake_scientific_data" time="0.701" /><testcase classname="tests.test_measurement_v9" name="test_qwen3_replication_preserves_every_request_before_chat_template" time="0.021" /><testcase classname="tests.test_measurement_v9" name="test_weight_receipt_is_pinned_and_verified" time="0.000" /><testcase classname="tests.test_metrics" name="test_error_rows_are_excluded_from_denominators" time="0.000" /><testcase classname="tests.test_metrics" name="test_turn_wise_error_rate_and_ci" time="0.000" /><testcase classname="tests.test_metrics" name="test_breakage_and_drift" time="0.000" /><testcase classname="tests.test_metrics" name="test_self_contamination_requires_bad_label_and_phrase" time="0.000" /><testcase classname="tests.test_metrics" name="test_paired_comparison_excess_error_and_mcnemar" time="0.000" /><testcase classname="tests.test_metrics" name="test_paired_comparison_skips_unpaired_questions" time="0.000" /><testcase classname="tests.test_open_weight_pilot" name="test_huggingface_generation_contract_without_download[False-False]" time="0.000" /><testcase classname="tests.test_open_weight_pilot" name="test_huggingface_generation_contract_without_download[True-False]" time="0.000" /><testcase classname="tests.test_open_weight_pilot" name="test_huggingface_generation_contract_without_download[False-True]" time="0.000" /><testcase classname="tests.test_open_weight_pilot" name="test_resume_refuses_changed_resolved_backend" time="0.168" /><testcase classname="tests.test_open_weight_pilot" name="test_full_matrix_balanced_and_pending" time="0.012" /><testcase classname="tests.test_open_weight_pilot" name="test_invalid_scenarios_rejected[&lt;lambda&gt;0]" time="0.003" /><testcase classname="tests.test_open_weight_pilot" name="test_invalid_scenarios_rejected[&lt;lambda&gt;1]" time="0.003" /><testcase classname="tests.test_open_weight_pilot" name="test_invalid_scenarios_rejected[&lt;lambda&gt;2]" time="0.003" /><testcase classname="tests.test_open_weight_pilot" name="test_invalid_scenarios_rejected[&lt;lambda&gt;3]" time="0.003" /><testcase classname="tests.test_open_weight_pilot" name="test_invalid_scenarios_rejected[&lt;lambda&gt;4]" time="0.003" /><testcase classname="tests.test_open_weight_pilot" name="test_invalid_scenarios_rejected[&lt;lambda&gt;5]" time="0.003" /><testcase classname="tests.test_open_weight_pilot" name="test_duplicate_scenarios_rejected" time="0.003" /><testcase classname="tests.test_open_weight_pilot" name="test_legacy_build_matches_archived_run" time="0.003" /><testcase classname="tests.test_open_weight_pilot" name="test_dry_run_is_deterministic_without_network" time="0.003" /><testcase classname="tests.test_open_weight_pilot" name="test_invalid_plans_fail_before_generation[mutation0]" time="0.002" /><testcase classname="tests.test_open_weight_pilot" name="test_invalid_plans_fail_before_generation[mutation1]" time="0.003" /><testcase classname="tests.test_open_weight_pilot" name="test_invalid_plans_fail_before_generation[mutation2]" time="0.003" /><testcase classname="tests.test_open_weight_pilot" name="test_invalid_plans_fail_before_generation[mutation3]" time="0.002" /><testcase classname="tests.test_open_weight_pilot" name="test_invalid_plans_fail_before_generation[mutation4]" time="0.002" /><testcase classname="tests.test_open_weight_pilot" name="test_invalid_plans_fail_before_generation[mutation5]" time="0.002" /><testcase classname="tests.test_open_weight_pilot" name="test_invalid_plans_fail_before_generation[mutation6]" time="0.003" /><testcase classname="tests.test_open_weight_pilot" name="test_decoding_contract[args0]" time="0.000" /><testcase classname="tests.test_open_weight_pilot" name="test_decoding_contract[args1]" time="0.000" /><testcase classname="tests.test_open_weight_pilot" name="test_decoding_contract[args2]" time="0.000" /><testcase classname="tests.test_open_weight_pilot" name="test_decoding_contract[args3]" time="0.000" /><testcase classname="tests.test_open_weight_pilot" name="test_fake_backend_is_deterministic_and_structured" time="0.000" /><testcase classname="tests.test_open_weight_pilot" name="test_frozen_prefix_is_copy_and_excludes_future" time="0.000" /><testcase classname="tests.test_open_weight_pilot" name="test_identity_covers_future_schedule_and_decoding" time="0.002" /><testcase classname="tests.test_open_weight_pilot" name="test_fake_end_to_end_and_zero_call_resume" time="0.124" /><testcase classname="tests.test_open_weight_pilot" name="test_interrupt_resume_preserves_completed_steps" time="0.094" /><testcase classname="tests.test_open_weight_pilot" name="test_failed_branch_is_retried" time="0.098" /><testcase classname="tests.test_open_weight_pilot" name="test_multiple_boundaries_and_models_match_budget" time="0.174" /><testcase classname="tests.test_open_weight_pilot" name="test_shared_histories_across_evidence_and_confidence" time="1.564" /><testcase classname="tests.test_open_weight_pilot" name="test_metrics_conditional_and_exclusion_policy" time="0.061" /><testcase classname="tests.test_open_weight_pilot" name="test_no_probability_from_zero_or_one" time="0.000" /><testcase classname="tests.test_open_weight_pilot" name="test_labels_must_match_unique_samples" time="0.060" /><testcase classname="tests.test_open_weight_pilot" name="test_initial_label_consistency" time="0.059" /><testcase classname="tests.test_open_weight_pilot" name="test_label_template_does_not_expose_condition_ids" time="0.060" /><testcase classname="tests.test_pressure_v15" name="test_bank_balanced_fresh_independent_gold_and_updates" time="0.068" /><testcase classname="tests.test_pressure_v15" name="test_prefix_matching_and_independent_samples" time="0.017" /><testcase classname="tests.test_pressure_v15" name="test_unknown_never_dropped_and_no_fixture_qualification" time="0.006" /><testcase classname="tests.test_pressure_v15" name="test_cluster_analysis_unknown_bounds_and_items_not_generations" time="0.038" /><testcase classname="tests.test_pressure_v15" name="test_commit_run_verify_resume_no_reload_and_tamper_rejection" time="0.588" /><testcase classname="tests.test_real_calibration_v4" name="test_real_unique_requests_and_literal_sanity" time="0.083" /><testcase classname="tests.test_real_calibration_v4" name="test_context_and_order_sensitivity" time="0.000" /><testcase classname="tests.test_real_calibration_v4" name="test_stable_wrong_predictions_do_not_pass_gate" time="0.000" /><testcase classname="tests.test_real_calibration_v4" name="test_original_prompts_reproduce_previous_greedy_outputs" time="0.102" /><testcase classname="tests.test_real_model_replication_v4" name="test_pinned_real_models_and_identical_prompts" time="0.183" /><testcase classname="tests.test_real_model_replication_v4" name="test_unique_prompt_and_pair_counts" time="0.000" /><testcase classname="tests.test_real_model_replication_v4" name="test_all_earlier_raw_samples_unchanged" time="0.007" /><testcase classname="tests.test_real_model_replication_v4" name="test_real_completed_outputs_and_zero_call_resume" time="0.000" /><testcase classname="tests.test_real_model_replication_v4" name="test_larger_checkpoint_has_mixed_accuracy_and_does_not_pass" time="0.000" /><testcase classname="tests.test_real_model_replication_v4" name="test_question_order_changes_values_not_just_json_key_order" time="0.002" /><testcase classname="tests.test_real_v3_artifacts" name="test_real_main_hash_and_all_checkpoint_links" time="0.155" /><testcase classname="tests.test_real_v3_artifacts" name="test_main_primary_and_unknown_denominators" time="0.001" /><testcase classname="tests.test_real_v3_artifacts" name="test_dissociation_directions_not_conflated" time="0.167" /><testcase classname="tests.test_real_v3_artifacts" name="test_real_single_axis_parent_links_and_scores" time="0.010" /><testcase classname="tests.test_review_artifacts" name="test_every_reviewed_scenario_has_an_audit_record" time="0.006" /><testcase classname="tests.test_review_artifacts" name="test_real_labels_are_bound_to_explicit_answer_reviews" time="0.018" /><testcase classname="tests.test_review_artifacts" name="test_persisted_real_analysis_recomputes_and_human_gate_stays_closed" time="0.114" /><testcase classname="tests.test_revision_v16" name="test_independent_certificates_and_transition_balance" time="0.005" /><testcase classname="tests.test_revision_v16" name="test_factorial_matching_and_budgets" time="0.025" /><testcase classname="tests.test_revision_v16" name="test_calibration_unknowns_and_fake_rejection" time="0.003" /><testcase classname="tests.test_revision_v16" name="test_progression_families_controls_and_interaction" time="0.084" /><testcase classname="tests.test_revision_v16" name="test_actual_frozen_engine_fixture_resume_and_restoration" time="2.666" /><testcase classname="tests.test_revision_v16" name="test_both_banks_precommitted_and_tamper_detected" time="0.627" /><testcase classname="tests.test_revision_v16" name="test_conditional_full_workflow_in_explicit_temporary_fixture" time="14.616" /><testcase classname="tests.test_runtime_audit_v5" name="test_diagnostic_cases_are_exact_legacy_prompts_not_new_test_data" time="0.004" /><testcase classname="tests.test_runtime_audit_v5" name="test_profile_changes_are_explicit_and_local" time="0.000" /><testcase classname="tests.test_single_axis_diagnostic_v3" name="test_single_axis_prompts_keep_world_and_argument" time="0.000" /><testcase classname="tests.test_single_axis_diagnostic_v3" name="test_single_parser[{&quot;truth&quot;:&quot;TRUE&quot;}-truth-TRUE]" time="0.000" /><testcase classname="tests.test_single_axis_diagnostic_v3" name="test_single_parser[```json\n{&quot;validity&quot;:&quot;INVALID&quot;}\n```-validity-INVALID]" time="0.000" /><testcase classname="tests.test_single_axis_diagnostic_v3" name="test_single_parser[{&quot;truth&quot;:&quot;TRUE&quot;,&quot;truth&quot;:&quot;FALSE&quot;}-truth-None]" time="0.000" /><testcase classname="tests.test_single_axis_diagnostic_v3" name="test_single_parser[{&quot;truth&quot;:&quot;TRUE&quot;,&quot;validity&quot;:&quot;VALID&quot;}-truth-None]" time="0.000" /><testcase classname="tests.test_single_axis_diagnostic_v3" name="test_single_parser[[[&quot;truth&quot;,&quot;TRUE&quot;]]-truth-None]" time="0.000" /><testcase classname="tests.test_single_axis_diagnostic_v3" name="test_single_parser[{&quot;truth&quot;:true}-truth-None]" time="0.000" /><testcase classname="tests.test_single_axis_diagnostic_v3" name="test_single_parser[null-truth-None]" time="0.000" /><testcase classname="tests.test_single_axis_diagnostic_v3" name="test_diagnostic_fake_resume_and_parent_binding" time="0.813" /><testcase classname="tests.test_source_reviewed_pilot" name="test_source_reviewed_matrix_complete_and_same_evidence_direction" time="0.006" /><testcase classname="tests.test_source_reviewed_pilot" name="test_ai_review_cannot_impersonate_human_or_omit_sources[&lt;lambda&gt;0]" time="0.006" /><testcase classname="tests.test_source_reviewed_pilot" name="test_ai_review_cannot_impersonate_human_or_omit_sources[&lt;lambda&gt;1]" time="0.006" /><testcase classname="tests.test_source_reviewed_pilot" name="test_ai_review_cannot_impersonate_human_or_omit_sources[&lt;lambda&gt;2]" time="0.006" /><testcase classname="tests.test_source_reviewed_pilot" name="test_ai_review_cannot_impersonate_human_or_omit_sources[&lt;lambda&gt;3]" time="0.006" /><testcase classname="tests.test_source_reviewed_pilot" name="test_v2_matrix_rejects_missing_condition" time="0.016" /><testcase classname="tests.test_source_reviewed_pilot" name="test_ai_tier_requires_explicit_opt_in_and_stays_exploratory" time="0.066" /><testcase classname="tests.test_source_reviewed_pilot" name="test_truncated_trajectories_excluded[prefix_output_truncated]" time="0.059" /><testcase classname="tests.test_source_reviewed_pilot" name="test_truncated_trajectories_excluded[continuation_output_truncated]" time="0.059" /><testcase classname="tests.test_source_reviewed_pilot" name="test_v2_fake_end_to_end_and_resume" time="0.852" /><testcase classname="tests.test_stats" name="test_wilson_ci_basic" time="0.000" /><testcase classname="tests.test_stats" name="test_wilson_ci_narrows_with_n" time="0.000" /><testcase classname="tests.test_stats" name="test_mcnemar_no_discordance" time="0.000" /><testcase classname="tests.test_stats" name="test_mcnemar_symmetric_is_insignificant" time="0.000" /><testcase classname="tests.test_stats" name="test_mcnemar_one_sided_dominance" time="0.000" /><testcase classname="tests.test_stats" name="test_mcnemar_symmetry" time="0.000" /><testcase classname="tests.test_stats" name="test_cohen_kappa_perfect_and_chance" time="0.000" /><testcase classname="tests.test_updated_task_v15b" name="test_supplement_all_items_updated_gold_same_scaffold_no_history" time="0.043" /><testcase classname="tests.test_updated_task_v15b" name="test_supplement_lock_does_not_mutate_main" time="0.134" /></testsuite></testsuites>